<?xml version="1.0" encoding="UTF-8" ?>
<testsuite errors="0" failures="0" hostname="psychomachia" name="test.BaralhoUnoTest" tests="2" time="0.103" timestamp="2008-04-12T18:19:17">
  <properties>
[...]
</properties>
  <testcase classname="test.BaralhoUnoTest" name="testeCapacidadeBaralho" time="0.016" />
  <testcase classname="test.BaralhoUnoTest" name="testaExibicaoCartas" time="0.016" />
  <system-out><![CDATA[107 - WILD|	106 - +4|	105 - WILD|	104 - +4|	103 - WILD|	102 - +4|	101 - WILD|	100 - +4|	99 - INVERTE VERMELHO|	98 - INVERTE VERDE|	97 - INVERTE AZUL|	96 - INVERTE AMARELO|	95 - PULA VERMELHO|	94 - PULA VERDE|	93 - PULA AZUL|	92 - PULA AMARELO|	91 - +2 VERMELHO|	90 - +2 VERDE|	89 - +2 AZUL|	88 - +2 AMARELO|	87 - 8 VERMELHO|	86 - 8 VERDE|	85 - 8 AZUL|	84 - 8 AMARELO|	83 - 7 VERMELHO|	82 - 7 VERDE|	81 - 7 AZUL|	80 - 7 AMARELO|	79 - 6 VERMELHO|	78 - 6 VERDE|	77 - 6 AZUL|	76 - 6 AMARELO|	75 - 5 VERMELHO|	74 - 5 VERDE|	73 - 5 AZUL|	72 - 5 AMARELO|	71 - 4 VERMELHO|	70 - 4 VERDE|	69 - 4 AZUL|	68 - 4 AMARELO|	67 - 3 VERMELHO|	66 - 3 VERDE|	65 - 3 AZUL|	64 - 3 AMARELO|	63 - 2 VERMELHO|	62 - 2 VERDE|	61 - 2 AZUL|	60 - 2 AMARELO|	59 - 1 VERMELHO|	58 - 1 VERDE|	57 - 1 AZUL|	56 - 1 AMARELO|	55 - 0 VERMELHO|	54 - 0 VERDE|	53 - 0 AZUL|	52 - 0 AMARELO|	51 - INVERTE VERMELHO|	50 - INVERTE VERDE|	49 - INVERTE AZUL|	48 - INVERTE AMARELO|	47 - PULA VERMELHO|	46 - PULA VERDE|	45 - PULA AZUL|	44 - PULA AMARELO|	43 - +2 VERMELHO|	42 - +2 VERDE|	41 - +2 AZUL|	40 - +2 AMARELO|	39 - 8 VERMELHO|	38 - 8 VERDE|	37 - 8 AZUL|	36 - 8 AMARELO|	35 - 7 VERMELHO|	34 - 7 VERDE|	33 - 7 AZUL|	32 - 7 AMARELO|	31 - 6 VERMELHO|	30 - 6 VERDE|	29 - 6 AZUL|	28 - 6 AMARELO|	27 - 5 VERMELHO|	26 - 5 VERDE|	25 - 5 AZUL|	24 - 5 AMARELO|	23 - 4 VERMELHO|	22 - 4 VERDE|	21 - 4 AZUL|	20 - 4 AMARELO|	19 - 3 VERMELHO|	18 - 3 VERDE|	17 - 3 AZUL|	16 - 3 AMARELO|	15 - 2 VERMELHO|	14 - 2 VERDE|	13 - 2 AZUL|	12 - 2 AMARELO|	11 - 1 VERMELHO|	10 - 1 VERDE|	9 - 1 AZUL|	8 - 1 AMARELO|	7 - 0 VERMELHO|	6 - 0 VERDE|	5 - 0 AZUL|	4 - 0 AMARELO|	3 - 0 VERMELHO|	2 - 0 VERDE|	1 - 0 AZUL|	0 - 0 AMARELO|	107 - WILD|	106 - +4|	105 - WILD|	104 - +4|	103 - WILD|	102 - +4|	101 - WILD|	100 - +4|	99 - INVERTE VERMELHO|	98 - INVERTE VERDE|	97 - INVERTE AZUL|	96 - INVERTE AMARELO|	95 - PULA VERMELHO|	94 - PULA VERDE|	93 - PULA AZUL|	92 - PULA AMARELO|	91 - +2 VERMELHO|	90 - +2 VERDE|	89 - +2 AZUL|	88 - +2 AMARELO|	87 - 8 VERMELHO|	86 - 8 VERDE|	85 - 8 AZUL|	84 - 8 AMARELO|	83 - 7 VERMELHO|	82 - 7 VERDE|	81 - 7 AZUL|	80 - 7 AMARELO|	79 - 6 VERMELHO|	78 - 6 VERDE|	77 - 6 AZUL|	76 - 6 AMARELO|	75 - 5 VERMELHO|	74 - 5 VERDE|	73 - 5 AZUL|	72 - 5 AMARELO|	71 - 4 VERMELHO|	70 - 4 VERDE|	69 - 4 AZUL|	68 - 4 AMARELO|	67 - 3 VERMELHO|	66 - 3 VERDE|	65 - 3 AZUL|	64 - 3 AMARELO|	63 - 2 VERMELHO|	62 - 2 VERDE|	61 - 2 AZUL|	60 - 2 AMARELO|	59 - 1 VERMELHO|	58 - 1 VERDE|	57 - 1 AZUL|	56 - 1 AMARELO|	55 - 0 VERMELHO|	54 - 0 VERDE|	53 - 0 AZUL|	52 - 0 AMARELO|	51 - INVERTE VERMELHO|	50 - INVERTE VERDE|	49 - INVERTE AZUL|	48 - INVERTE AMARELO|	47 - PULA VERMELHO|	46 - PULA VERDE|	45 - PULA AZUL|	44 - PULA AMARELO|	43 - +2 VERMELHO|	42 - +2 VERDE|	41 - +2 AZUL|	40 - +2 AMARELO|	39 - 8 VERMELHO|	38 - 8 VERDE|	37 - 8 AZUL|	36 - 8 AMARELO|	35 - 7 VERMELHO|	34 - 7 VERDE|	33 - 7 AZUL|	32 - 7 AMARELO|	31 - 6 VERMELHO|	30 - 6 VERDE|	29 - 6 AZUL|	28 - 6 AMARELO|	27 - 5 VERMELHO|	26 - 5 VERDE|	25 - 5 AZUL|	24 - 5 AMARELO|	23 - 4 VERMELHO|	22 - 4 VERDE|	21 - 4 AZUL|	20 - 4 AMARELO|	19 - 3 VERMELHO|	18 - 3 VERDE|	17 - 3 AZUL|	16 - 3 AMARELO|	15 - 2 VERMELHO|	14 - 2 VERDE|	13 - 2 AZUL|	12 - 2 AMARELO|	11 - 1 VERMELHO|	10 - 1 VERDE|	9 - 1 AZUL|	8 - 1 AMARELO|	7 - 0 VERMELHO|	6 - 0 VERDE|	5 - 0 AZUL|	4 - 0 AMARELO|	3 - 0 VERMELHO|	2 - 0 VERDE|	1 - 0 AZUL|	0 - 0 AMARELO|	107 cartas.
ID	Tipo	Numero	Cor
29	NORMAL	6	AZUL
38	NORMAL	8	VERDE
104	+4	null	PRETO
102	+4	null	PRETO
74	NORMAL	5	VERDE
6	NORMAL	0	VERDE
30	NORMAL	6	VERDE
65	NORMAL	3	AZUL
22	NORMAL	4	VERDE
16	NORMAL	3	AMARELO
12	NORMAL	2	AMARELO
36	NORMAL	8	AMARELO
92	PULA	null	AMARELO
71	NORMAL	4	VERMELHO
35	NORMAL	7	VERMELHO
26	NORMAL	5	VERDE
23	NORMAL	4	VERMELHO
44	PULA	null	AMARELO
45	PULA	null	AZUL
94	PULA	null	VERDE
7	NORMAL	0	VERMELHO
79	NORMAL	6	VERMELHO
95	PULA	null	VERMELHO
66	NORMAL	3	VERDE
11	NORMAL	1	VERMELHO
1	NORMAL	0	AZUL
49	INVERTE	null	AZUL
25	NORMAL	5	AZUL
89	+2	null	AZUL
85	NORMAL	8	AZUL
70	NORMAL	4	VERDE
27	NORMAL	5	VERMELHO
21	NORMAL	4	AZUL
76	NORMAL	6	AMARELO
82	NORMAL	7	VERDE
3	NORMAL	0	VERMELHO
10	NORMAL	1	VERDE
75	NORMAL	5	VERMELHO
96	INVERTE	null	AMARELO
98	INVERTE	null	VERDE
68	NORMAL	4	AMARELO
54	NORMAL	0	VERDE
72	NORMAL	5	AMARELO
78	NORMAL	6	VERDE
48	INVERTE	null	AMARELO
81	NORMAL	7	AZUL
59	NORMAL	1	VERMELHO
58	NORMAL	1	VERDE
101	WILD	null	PRETO
34	NORMAL	7	VERDE
43	+2	null	VERMELHO
73	NORMAL	5	AZUL
40	+2	null	AMARELO
99	INVERTE	null	VERMELHO
103	WILD	null	PRETO
88	+2	null	AMARELO
63	NORMAL	2	VERMELHO
69	NORMAL	4	AZUL
47	PULA	null	VERMELHO
46	PULA	null	VERDE
57	NORMAL	1	AZUL
0	NORMAL	0	AMARELO
39	NORMAL	8	VERMELHO
93	PULA	null	AZUL
80	NORMAL	7	AMARELO
106	+4	null	PRETO
67	NORMAL	3	VERMELHO
13	NORMAL	2	AZUL
53	NORMAL	0	AZUL
17	NORMAL	3	AZUL
37	NORMAL	8	AZUL
8	NORMAL	1	AMARELO
18	NORMAL	3	VERDE
86	NORMAL	8	VERDE
60	NORMAL	2	AMARELO
87	NORMAL	8	VERMELHO
19	NORMAL	3	VERMELHO
97	INVERTE	null	AZUL
31	NORMAL	6	VERMELHO
2	NORMAL	0	VERDE
4	NORMAL	0	AMARELO
105	WILD	null	PRETO
42	+2	null	VERDE
51	INVERTE	null	VERMELHO
61	NORMAL	2	AZUL
41	+2	null	AZUL
15	NORMAL	2	VERMELHO
91	+2	null	VERMELHO
28	NORMAL	6	AMARELO
24	NORMAL	5	AMARELO
52	NORMAL	0	AMARELO
90	+2	null	VERDE
55	NORMAL	0	VERMELHO
83	NORMAL	7	VERMELHO
9	NORMAL	1	AZUL
64	NORMAL	3	AMARELO
50	INVERTE	null	VERDE
84	NORMAL	8	AMARELO
32	NORMAL	7	AMARELO
33	NORMAL	7	AZUL
5	NORMAL	0	AZUL
56	NORMAL	1	AMARELO
20	NORMAL	4	AMARELO
100	+4	null	PRETO
62	NORMAL	2	VERDE
14	NORMAL	2	VERDE
77	NORMAL	6	AZUL
]]></system-out>
  <system-err><![CDATA[]]></system-err>
</testsuite>
