<?xml version="1.0" encoding="UTF-8" ?>
<testsuite errors="0" failures="0" hostname="psychomachia" name="test.UnoBotTest" tests="2" time="4.725" timestamp="2008-04-12T18:19:12">
  <properties>
[...]
</properties>
  <testcase classname="test.UnoBotTest" name="testaJoin" time="2.027" />
  <testcase classname="test.UnoBotTest" name="loopInfinito" time="0.0020" />
  <system-out><![CDATA[1208024352551 *** Connected to server.
1208024352552 >>>NICK unobot
1208024352552 >>>USER PircBot 8 * :PircBot 1.4.6 Java IRC Bot - www.jibble.org
1208024352879 :punch.va.us.dal.net NOTICE AUTH :*** Looking up your hostname...
1208024352980 :punch.va.us.dal.net NOTICE AUTH :*** Checking Ident
1208024352981 :punch.va.us.dal.net NOTICE AUTH :*** Found your hostname
1208024353307 :punch.va.us.dal.net NOTICE AUTH :*** No Ident response
1208024353322 :punch.va.us.dal.net 001 unobot :Welcome to the DALnet IRC Network unobot!~PircBot@189.71.41.150
1208024353323 :punch.va.us.dal.net 002 unobot :Your host is punch.va.us.dal.net, running version bahamut-1.8(04)
1208024353323 :punch.va.us.dal.net 003 unobot :This server was created Sun Dec 10 2006 at 21:46:14 UTC
1208024353323 :punch.va.us.dal.net 004 unobot punch.va.us.dal.net bahamut-1.8(04) aAbcdefFghiIjkKmnoOrRswxXy bceiIjklLmMnoOprRstv
1208024353323 *** Logged onto server.
1208024353323 :punch.va.us.dal.net 005 unobot NETWORK=DALnet SAFELIST MAXBANS=200 MAXCHANNELS=20 CHANNELLEN=32 KICKLEN=307 NICKLEN=30 TOPICLEN=307 MODES=6 CHANTYPES=# CHANLIMIT=#:20 PREFIX=(ov)@+ STATUSMSG=@+ :are available on this server
1208024353324 :punch.va.us.dal.net 005 unobot CASEMAPPING=ascii WATCH=128 SILENCE=10 ELIST=cmntu EXCEPTS INVEX CHANMODES=beI,k,jl,cimMnOprRst MAXLIST=b:200,e:100,I:100 TARGMAX=DCCALLOW:,JOIN:,KICK:4,KILL:20,NOTICE:20,PART:,PRIVMSG:20,WHOIS:,WHOWAS: :are available on this server
1208024353325 :punch.va.us.dal.net 251 unobot :There are 145 users and 30601 invisible on 41 servers
1208024353325 :punch.va.us.dal.net 252 unobot 89 :IRC Operators online
1208024353325 :punch.va.us.dal.net 254 unobot 14704 :channels formed
1208024353325 :punch.va.us.dal.net 255 unobot :I have 7736 clients and 1 servers
1208024353325 :punch.va.us.dal.net 265 unobot :Current local users: 7736 Max: 14910
1208024353325 :punch.va.us.dal.net 266 unobot :Current global users: 30746 Max: 51498
1208024353325 :punch.va.us.dal.net NOTICE unobot :*** Notice -- motd was last changed at 2/12/2007 19:19
1208024353655 :punch.va.us.dal.net NOTICE unobot :*** Notice -- Please read the motd if you haven't read it
1208024353655 :punch.va.us.dal.net 375 unobot :- punch.va.us.dal.net Message of the Day - 
1208024353655 :punch.va.us.dal.net 372 unobot :- Welcome to DALnet <http://www.dal.net/>
1208024353656 :punch.va.us.dal.net 372 unobot :- This is punch.va.us.dal.net
1208024353656 :punch.va.us.dal.net 376 unobot :End of /MOTD command.
1208024353656 :punch.va.us.dal.net NOTICE unobot :*** Notice -- This server runs an open proxy monitor to prevent abuse.
1208024353656 :punch.va.us.dal.net NOTICE unobot :*** Notice -- If you see connections on various ports from irc.dal.net
1208024353656 :punch.va.us.dal.net NOTICE unobot :*** Notice -- please disregard them, as they are the monitor in action.
1208024353656 :punch.va.us.dal.net NOTICE unobot :*** Notice -- For more information please visit http://kline.dal.net/proxy/
1208024353656 :unobot MODE unobot :+iw
1208024353656 :NickServ!service@dal.net NOTICE unobot :This nick is owned by someone else. Please choose another.
1208024353656 :NickServ!service@dal.net NOTICE unobot :If this is your nick, type: /msg NickServ@services.dal.net IDENTIFY <password>
1208024353656 :NickServ!service@dal.net NOTICE unobot :Your nick will be changed in 60 seconds if you do not comply.
1208024354354 >>>JOIN #unoteste
1208024354680 :unobot!~PircBot@189.71.41.150 JOIN :#unoteste
1208024354682 :punch.va.us.dal.net 353 unobot = #unoteste :@unobot 
1208024354682 :punch.va.us.dal.net 366 unobot #unoteste :End of /NAMES list.
1208024355682 *** Connected to server.
1208024355682 >>>NICK unobot
1208024355682 >>>USER PircBot 8 * :PircBot 1.4.6 Java IRC Bot - www.jibble.org
1208024356004 :punch.va.us.dal.net NOTICE AUTH :*** Looking up your hostname...
1208024356105 :punch.va.us.dal.net NOTICE AUTH :*** Checking Ident
1208024356105 :punch.va.us.dal.net NOTICE AUTH :*** Found your hostname
1208024356426 :punch.va.us.dal.net NOTICE AUTH :*** No Ident response
1208024356426 :punch.va.us.dal.net 433 * unobot :Nickname is already in use.
1208024356426 >>>NICK unobot2
1208024356758 :punch.va.us.dal.net 001 unobot2 :Welcome to the DALnet IRC Network unobot2!~PircBot@189.71.41.150
1208024356758 :punch.va.us.dal.net 002 unobot2 :Your host is punch.va.us.dal.net, running version bahamut-1.8(04)
1208024356758 :punch.va.us.dal.net 003 unobot2 :This server was created Sun Dec 10 2006 at 21:46:14 UTC
1208024356758 :punch.va.us.dal.net 004 unobot2 punch.va.us.dal.net bahamut-1.8(04) aAbcdefFghiIjkKmnoOrRswxXy bceiIjklLmMnoOprRstv
1208024356758 *** Logged onto server.
1208024356779 :punch.va.us.dal.net 005 unobot2 NETWORK=DALnet SAFELIST MAXBANS=200 MAXCHANNELS=20 CHANNELLEN=32 KICKLEN=307 NICKLEN=30 TOPICLEN=307 MODES=6 CHANTYPES=# CHANLIMIT=#:20 PREFIX=(ov)@+ STATUSMSG=@+ :are available on this server
]]></system-out>
  <system-err><![CDATA[]]></system-err>
</testsuite>
